<?xml version="1.0" encoding="utf-8"?>
<test-run id="2" testcasecount="130" result="Failed(Child)" total="130" passed="109" failed="21" inconclusive="0" skipped="0" asserts="0" engine-version="3.5.0.0" clr-version="4.0.30319.42000" start-time="2025-07-14 12:37:58Z" end-time="2025-07-14 12:37:59Z" duration="0.5720303">
  <test-suite type="TestSuite" id="1152" name="uPiper" fullname="uPiper" runstate="Runnable" testcasecount="130" result="Failed" site="Child" start-time="2025-07-14 12:37:58Z" end-time="2025-07-14 12:37:59Z" duration="0.572030" total="130" passed="109" failed="21" inconclusive="0" skipped="0" asserts="0">
    <properties>
      <property name="platform" value="PlayMode" />
    </properties>
    <failure>
      <message><![CDATA[One or more child tests had errors]]></message>
    </failure>
    <test-suite type="Assembly" id="1147" name="uPiper.Tests.Runtime.dll" fullname="/github/workspace/Library/ScriptAssemblies/uPiper.Tests.Runtime.dll" runstate="Runnable" testcasecount="130" result="Failed" site="Child" start-time="2025-07-14 12:37:58Z" end-time="2025-07-14 12:37:59Z" duration="0.554616" total="130" passed="109" failed="21" inconclusive="0" skipped="0" asserts="0">
      <properties>
        <property name="_PID" value="1647" />
        <property name="_APPDOMAIN" value="Unity Child Domain" />
        <property name="platform" value="PlayMode" />
        <property name="EditorOnly" value="False" />
      </properties>
      <failure>
        <message><![CDATA[One or more child tests had errors]]></message>
      </failure>
      <test-suite type="TestSuite" id="1148" name="uPiper" fullname="uPiper" runstate="Runnable" testcasecount="130" result="Failed" site="Child" start-time="2025-07-14 12:37:58Z" end-time="2025-07-14 12:37:59Z" duration="0.552237" total="130" passed="109" failed="21" inconclusive="0" skipped="0" asserts="0">
        <properties />
        <failure>
          <message><![CDATA[One or more child tests had errors]]></message>
        </failure>
        <test-suite type="TestSuite" id="1149" name="Tests" fullname="uPiper.Tests" runstate="Runnable" testcasecount="130" result="Failed" site="Child" start-time="2025-07-14 12:37:58Z" end-time="2025-07-14 12:37:59Z" duration="0.551795" total="130" passed="109" failed="21" inconclusive="0" skipped="0" asserts="0">
          <properties />
          <failure>
            <message><![CDATA[One or more child tests had errors]]></message>
          </failure>
          <test-suite type="TestSuite" id="1150" name="Runtime" fullname="uPiper.Tests.Runtime" runstate="Runnable" testcasecount="130" result="Failed" site="Child" start-time="2025-07-14 12:37:58Z" end-time="2025-07-14 12:37:59Z" duration="0.551223" total="130" passed="109" failed="21" inconclusive="0" skipped="0" asserts="0">
            <properties />
            <failure>
              <message><![CDATA[One or more child tests had errors]]></message>
            </failure>
            <test-suite type="TestSuite" id="1151" name="Core" fullname="uPiper.Tests.Runtime.Core" runstate="Runnable" testcasecount="119" result="Failed" site="Child" start-time="2025-07-14 12:37:58Z" end-time="2025-07-14 12:37:59Z" duration="0.385242" total="119" passed="98" failed="21" inconclusive="0" skipped="0" asserts="0">
              <properties />
              <failure>
                <message><![CDATA[One or more child tests had errors]]></message>
              </failure>
              <test-suite type="TestFixture" id="1018" name="AudioChunkTest" fullname="uPiper.Tests.Runtime.Core.AudioChunkTest" classname="uPiper.Tests.Runtime.Core.AudioChunkTest" runstate="Runnable" testcasecount="11" result="Passed" start-time="2025-07-14 12:37:58Z" end-time="2025-07-14 12:37:58Z" duration="0.122598" total="11" passed="11" failed="0" inconclusive="0" skipped="0" asserts="0">
                <properties />
                <test-case id="1027" name="CombineChunks_CombinesCorrectly" fullname="uPiper.Tests.Runtime.Core.AudioChunkTest.CombineChunks_CombinesCorrectly" methodname="CombineChunks_CombinesCorrectly" classname="uPiper.Tests.Runtime.Core.AudioChunkTest" runstate="Runnable" seed="1128152130" result="Passed" start-time="2025-07-14 12:37:58Z" end-time="2025-07-14 12:37:58Z" duration="0.046183" asserts="0">
                  <properties>
                    <property name="retryIteration" value="0" />
                    <property name="repeatIteration" value="0" />
                  </properties>
                </test-case>
                <test-case id="1024" name="CombineChunks_ThrowsForNullOrEmpty" fullname="uPiper.Tests.Runtime.Core.AudioChunkTest.CombineChunks_ThrowsForNullOrEmpty" methodname="CombineChunks_ThrowsForNullOrEmpty" classname="uPiper.Tests.Runtime.Core.AudioChunkTest" runstate="Runnable" seed="297246083" result="Passed" start-time="2025-07-14 12:37:58Z" end-time="2025-07-14 12:37:58Z" duration="0.013242" asserts="0">
                  <properties>
                    <property name="retryIteration" value="0" />
                    <property name="repeatIteration" value="0" />
                  </properties>
                </test-case>
                <test-case id="1026" name="CombineChunks_ValidatesChannels" fullname="uPiper.Tests.Runtime.Core.AudioChunkTest.CombineChunks_ValidatesChannels" methodname="CombineChunks_ValidatesChannels" classname="uPiper.Tests.Runtime.Core.AudioChunkTest" runstate="Runnable" seed="1075853863" result="Passed" start-time="2025-07-14 12:37:58Z" end-time="2025-07-14 12:37:58Z" duration="0.001131" asserts="0">
                  <properties>
                    <property name="retryIteration" value="0" />
                    <property name="repeatIteration" value="0" />
                  </properties>
                </test-case>
                <test-case id="1025" name="CombineChunks_ValidatesSampleRate" fullname="uPiper.Tests.Runtime.Core.AudioChunkTest.CombineChunks_ValidatesSampleRate" methodname="CombineChunks_ValidatesSampleRate" classname="uPiper.Tests.Runtime.Core.AudioChunkTest" runstate="Runnable" seed="1139700932" result="Passed" start-time="2025-07-14 12:37:58Z" end-time="2025-07-14 12:37:58Z" duration="0.001746" asserts="0">
                  <properties>
                    <property name="retryIteration" value="0" />
                    <property name="repeatIteration" value="0" />
                  </properties>
                </test-case>
                <test-case id="1019" name="Constructor_ValidatesParameters" fullname="uPiper.Tests.Runtime.Core.AudioChunkTest.Constructor_ValidatesParameters" methodname="Constructor_ValidatesParameters" classname="uPiper.Tests.Runtime.Core.AudioChunkTest" runstate="Runnable" seed="553102570" result="Passed" start-time="2025-07-14 12:37:58Z" end-time="2025-07-14 12:37:58Z" duration="0.002282" asserts="0">
                  <properties>
                    <property name="retryIteration" value="0" />
                    <property name="repeatIteration" value="0" />
                  </properties>
                </test-case>
                <test-case id="1020" name="Duration_CalculatedCorrectly" fullname="uPiper.Tests.Runtime.Core.AudioChunkTest.Duration_CalculatedCorrectly" methodname="Duration_CalculatedCorrectly" classname="uPiper.Tests.Runtime.Core.AudioChunkTest" runstate="Runnable" seed="1844661423" result="Passed" start-time="2025-07-14 12:37:58Z" end-time="2025-07-14 12:37:58Z" duration="0.001502" asserts="0">
                  <properties>
                    <property name="retryIteration" value="0" />
                    <property name="repeatIteration" value="0" />
                  </properties>
                </test-case>
                <test-case id="1021" name="Duration_CalculatedCorrectlyForStereo" fullname="uPiper.Tests.Runtime.Core.AudioChunkTest.Duration_CalculatedCorrectlyForStereo" methodname="Duration_CalculatedCorrectlyForStereo" classname="uPiper.Tests.Runtime.Core.AudioChunkTest" runstate="Runnable" seed="2082396724" result="Passed" start-time="2025-07-14 12:37:58Z" end-time="2025-07-14 12:37:58Z" duration="0.000273" asserts="0">
                  <properties>
                    <property name="retryIteration" value="0" />
                    <property name="repeatIteration" value="0" />
                  </properties>
                </test-case>
                <test-case id="1028" name="TextSegmentAndStartTime_AreStoredCorrectly" fullname="uPiper.Tests.Runtime.Core.AudioChunkTest.TextSegmentAndStartTime_AreStoredCorrectly" methodname="TextSegmentAndStartTime_AreStoredCorrectly" classname="uPiper.Tests.Runtime.Core.AudioChunkTest" runstate="Runnable" seed="2081534456" result="Passed" start-time="2025-07-14 12:37:58Z" end-time="2025-07-14 12:37:58Z" duration="0.000431" asserts="0">
                  <properties>
                    <property name="retryIteration" value="0" />
                    <property name="repeatIteration" value="0" />
                  </properties>
                </test-case>
                <test-case id="1022" name="ToAudioClip_CreatesValidClip" fullname="uPiper.Tests.Runtime.Core.AudioChunkTest.ToAudioClip_CreatesValidClip" methodname="ToAudioClip_CreatesValidClip" classname="uPiper.Tests.Runtime.Core.AudioChunkTest" runstate="Runnable" seed="2000421964" result="Passed" start-time="2025-07-14 12:37:58Z" end-time="2025-07-14 12:37:58Z" duration="0.002002" asserts="0">
                  <properties>
                    <property name="retryIteration" value="0" />
                    <property name="repeatIteration" value="0" />
                  </properties>
                </test-case>
                <test-case id="1029" name="ToAudioClip_HandlesStereoAudio" fullname="uPiper.Tests.Runtime.Core.AudioChunkTest.ToAudioClip_HandlesStereoAudio" methodname="ToAudioClip_HandlesStereoAudio" classname="uPiper.Tests.Runtime.Core.AudioChunkTest" runstate="Runnable" seed="2024037982" result="Passed" start-time="2025-07-14 12:37:58Z" end-time="2025-07-14 12:37:58Z" duration="0.016660" asserts="0">
                  <properties>
                    <property name="retryIteration" value="0" />
                    <property name="repeatIteration" value="0" />
                  </properties>
                </test-case>
                <test-case id="1023" name="ToAudioClip_UsesDefaultName" fullname="uPiper.Tests.Runtime.Core.AudioChunkTest.ToAudioClip_UsesDefaultName" methodname="ToAudioClip_UsesDefaultName" classname="uPiper.Tests.Runtime.Core.AudioChunkTest" runstate="Runnable" seed="583669285" result="Passed" start-time="2025-07-14 12:37:58Z" end-time="2025-07-14 12:37:58Z" duration="0.000409" asserts="0">
                  <properties>
                    <property name="retryIteration" value="0" />
                    <property name="repeatIteration" value="0" />
                  </properties>
                </test-case>
              </test-suite>
              <test-suite type="TestFixture" id="1030" name="CacheStatisticsTest" fullname="uPiper.Tests.Runtime.Core.CacheStatisticsTest" classname="uPiper.Tests.Runtime.Core.CacheStatisticsTest" runstate="Runnable" testcasecount="16" result="Passed" start-time="2025-07-14 12:37:58Z" end-time="2025-07-14 12:37:58Z" duration="0.022827" total="16" passed="16" failed="0" inconclusive="0" skipped="0" asserts="0">
                <properties />
                <test-case id="1037" name="AverageEntrySizeBytes_CalculatesCorrectly" fullname="uPiper.Tests.Runtime.Core.CacheStatisticsTest.AverageEntrySizeBytes_CalculatesCorrectly" methodname="AverageEntrySizeBytes_CalculatesCorrectly" classname="uPiper.Tests.Runtime.Core.CacheStatisticsTest" runstate="Runnable" seed="989165689" result="Passed" start-time="2025-07-14 12:37:58Z" end-time="2025-07-14 12:37:58Z" duration="0.000677" asserts="0">
                  <properties>
                    <property name="retryIteration" value="0" />
                    <property name="repeatIteration" value="0" />
                  </properties>
                </test-case>
                <test-case id="1038" name="AverageEntrySizeBytes_ReturnsZeroWhenNoEntries" fullname="uPiper.Tests.Runtime.Core.CacheStatisticsTest.AverageEntrySizeBytes_ReturnsZeroWhenNoEntries" methodname="AverageEntrySizeBytes_ReturnsZeroWhenNoEntries" classname="uPiper.Tests.Runtime.Core.CacheStatisticsTest" runstate="Runnable" seed="237419934" result="Passed" start-time="2025-07-14 12:37:58Z" end-time="2025-07-14 12:37:58Z" duration="0.000272" asserts="0">
                  <properties>
                    <property name="retryIteration" value="0" />
                    <property name="repeatIteration" value="0" />
                  </properties>
                </test-case>
                <test-case id="1033" name="HitRate_CalculatesCorrectly" fullname="uPiper.Tests.Runtime.Core.CacheStatisticsTest.HitRate_CalculatesCorrectly" methodname="HitRate_CalculatesCorrectly" classname="uPiper.Tests.Runtime.Core.CacheStatisticsTest" runstate="Runnable" seed="1851433200" result="Passed" start-time="2025-07-14 12:37:58Z" end-time="2025-07-14 12:37:58Z" duration="0.000571" asserts="0">
                  <properties>
                    <property name="retryIteration" value="0" />
                    <property name="repeatIteration" value="0" />
                  </properties>
                </test-case>
                <test-case id="1034" name="HitRate_ReturnsZeroWhenNoRequests" fullname="uPiper.Tests.Runtime.Core.CacheStatisticsTest.HitRate_ReturnsZeroWhenNoRequests" methodname="HitRate_ReturnsZeroWhenNoRequests" classname="uPiper.Tests.Runtime.Core.CacheStatisticsTest" runstate="Runnable" seed="1961240938" result="Passed" start-time="2025-07-14 12:37:58Z" end-time="2025-07-14 12:37:58Z" duration="0.000276" asserts="0">
                  <properties>
                    <property name="retryIteration" value="0" />
                    <property name="repeatIteration" value="0" />
                  </properties>
                </test-case>
                <test-case id="1032" name="MaxSizeMB_CalculatesCorrectly" fullname="uPiper.Tests.Runtime.Core.CacheStatisticsTest.MaxSizeMB_CalculatesCorrectly" methodname="MaxSizeMB_CalculatesCorrectly" classname="uPiper.Tests.Runtime.Core.CacheStatisticsTest" runstate="Runnable" seed="1483931200" result="Passed" start-time="2025-07-14 12:37:58Z" end-time="2025-07-14 12:37:58Z" duration="0.000432" asserts="0">
                  <properties>
                    <property name="retryIteration" value="0" />
                    <property name="repeatIteration" value="0" />
                  </properties>
                </test-case>
                <test-case id="1046" name="RecordEviction_DefaultParameter" fullname="uPiper.Tests.Runtime.Core.CacheStatisticsTest.RecordEviction_DefaultParameter" methodname="RecordEviction_DefaultParameter" classname="uPiper.Tests.Runtime.Core.CacheStatisticsTest" runstate="Runnable" seed="2100135628" result="Passed" start-time="2025-07-14 12:37:58Z" end-time="2025-07-14 12:37:58Z" duration="0.000917" asserts="0">
                  <properties>
                    <property name="retryIteration" value="0" />
                    <property name="repeatIteration" value="0" />
                  </properties>
                </test-case>
                <test-case id="1041" name="RecordEviction_IncrementsEvictionCount" fullname="uPiper.Tests.Runtime.Core.CacheStatisticsTest.RecordEviction_IncrementsEvictionCount" methodname="RecordEviction_IncrementsEvictionCount" classname="uPiper.Tests.Runtime.Core.CacheStatisticsTest" runstate="Runnable" seed="2070398303" result="Passed" start-time="2025-07-14 12:37:58Z" end-time="2025-07-14 12:37:58Z" duration="0.000285" asserts="0">
                  <properties>
                    <property name="retryIteration" value="0" />
                    <property name="repeatIteration" value="0" />
                  </properties>
                </test-case>
                <test-case id="1039" name="RecordHit_IncrementsHitCount" fullname="uPiper.Tests.Runtime.Core.CacheStatisticsTest.RecordHit_IncrementsHitCount" methodname="RecordHit_IncrementsHitCount" classname="uPiper.Tests.Runtime.Core.CacheStatisticsTest" runstate="Runnable" seed="1389424817" result="Passed" start-time="2025-07-14 12:37:58Z" end-time="2025-07-14 12:37:58Z" duration="0.000406" asserts="0">
                  <properties>
                    <property name="retryIteration" value="0" />
                    <property name="repeatIteration" value="0" />
                  </properties>
                </test-case>
                <test-case id="1040" name="RecordMiss_IncrementsMissCount" fullname="uPiper.Tests.Runtime.Core.CacheStatisticsTest.RecordMiss_IncrementsMissCount" methodname="RecordMiss_IncrementsMissCount" classname="uPiper.Tests.Runtime.Core.CacheStatisticsTest" runstate="Runnable" seed="1054331778" result="Passed" start-time="2025-07-14 12:37:58Z" end-time="2025-07-14 12:37:58Z" duration="0.000347" asserts="0">
                  <properties>
                    <property name="retryIteration" value="0" />
                    <property name="repeatIteration" value="0" />
                  </properties>
                </test-case>
                <test-case id="1042" name="Reset_ClearsAllStatistics" fullname="uPiper.Tests.Runtime.Core.CacheStatisticsTest.Reset_ClearsAllStatistics" methodname="Reset_ClearsAllStatistics" classname="uPiper.Tests.Runtime.Core.CacheStatisticsTest" runstate="Runnable" seed="475007038" result="Passed" start-time="2025-07-14 12:37:58Z" end-time="2025-07-14 12:37:58Z" duration="0.004497" asserts="0">
                  <properties>
                    <property name="retryIteration" value="0" />
                    <property name="repeatIteration" value="0" />
                  </properties>
                </test-case>
                <test-case id="1045" name="TimeSinceLastClear_CalculatesCorrectly" fullname="uPiper.Tests.Runtime.Core.CacheStatisticsTest.TimeSinceLastClear_CalculatesCorrectly" methodname="TimeSinceLastClear_CalculatesCorrectly" classname="uPiper.Tests.Runtime.Core.CacheStatisticsTest" runstate="Runnable" seed="1946098031" result="Passed" start-time="2025-07-14 12:37:58Z" end-time="2025-07-14 12:37:58Z" duration="0.003056" asserts="0">
                  <properties>
                    <property name="retryIteration" value="0" />
                    <property name="repeatIteration" value="0" />
                  </properties>
                </test-case>
                <test-case id="1044" name="ToString_FormatsCorrectly" fullname="uPiper.Tests.Runtime.Core.CacheStatisticsTest.ToString_FormatsCorrectly" methodname="ToString_FormatsCorrectly" classname="uPiper.Tests.Runtime.Core.CacheStatisticsTest" runstate="Runnable" seed="1059718738" result="Passed" start-time="2025-07-14 12:37:58Z" end-time="2025-07-14 12:37:58Z" duration="0.003072" asserts="0">
                  <properties>
                    <property name="retryIteration" value="0" />
                    <property name="repeatIteration" value="0" />
                  </properties>
                </test-case>
                <test-case id="1031" name="TotalSizeMB_CalculatesCorrectly" fullname="uPiper.Tests.Runtime.Core.CacheStatisticsTest.TotalSizeMB_CalculatesCorrectly" methodname="TotalSizeMB_CalculatesCorrectly" classname="uPiper.Tests.Runtime.Core.CacheStatisticsTest" runstate="Runnable" seed="308296800" result="Passed" start-time="2025-07-14 12:37:58Z" end-time="2025-07-14 12:37:58Z" duration="0.000270" asserts="0">
                  <properties>
                    <property name="retryIteration" value="0" />
                    <property name="repeatIteration" value="0" />
                  </properties>
                </test-case>
                <test-case id="1043" name="UpdateSize_UpdatesValues" fullname="uPiper.Tests.Runtime.Core.CacheStatisticsTest.UpdateSize_UpdatesValues" methodname="UpdateSize_UpdatesValues" classname="uPiper.Tests.Runtime.Core.CacheStatisticsTest" runstate="Runnable" seed="1161915137" result="Passed" start-time="2025-07-14 12:37:58Z" end-time="2025-07-14 12:37:58Z" duration="0.000422" asserts="0">
                  <properties>
                    <property name="retryIteration" value="0" />
                    <property name="repeatIteration" value="0" />
                  </properties>
                </test-case>
                <test-case id="1035" name="UsagePercentage_CalculatesCorrectly" fullname="uPiper.Tests.Runtime.Core.CacheStatisticsTest.UsagePercentage_CalculatesCorrectly" methodname="UsagePercentage_CalculatesCorrectly" classname="uPiper.Tests.Runtime.Core.CacheStatisticsTest" runstate="Runnable" seed="1645649988" result="Passed" start-time="2025-07-14 12:37:58Z" end-time="2025-07-14 12:37:58Z" duration="0.000273" asserts="0">
                  <properties>
                    <property name="retryIteration" value="0" />
                    <property name="repeatIteration" value="0" />
                  </properties>
                </test-case>
                <test-case id="1036" name="UsagePercentage_ReturnsZeroWhenMaxSizeIsZero" fullname="uPiper.Tests.Runtime.Core.CacheStatisticsTest.UsagePercentage_ReturnsZeroWhenMaxSizeIsZero" methodname="UsagePercentage_ReturnsZeroWhenMaxSizeIsZero" classname="uPiper.Tests.Runtime.Core.CacheStatisticsTest" runstate="Runnable" seed="19625973" result="Passed" start-time="2025-07-14 12:37:58Z" end-time="2025-07-14 12:37:58Z" duration="0.000301" asserts="0">
                  <properties>
                    <property name="retryIteration" value="0" />
                    <property name="repeatIteration" value="0" />
                  </properties>
                </test-case>
              </test-suite>
              <test-suite type="TestFixture" id="1047" name="PiperConfigTest" fullname="uPiper.Tests.Runtime.Core.PiperConfigTest" classname="uPiper.Tests.Runtime.Core.PiperConfigTest" runstate="Runnable" testcasecount="28" result="Passed" start-time="2025-07-14 12:37:58Z" end-time="2025-07-14 12:37:58Z" duration="0.129237" total="28" passed="28" failed="0" inconclusive="0" skipped="0" asserts="0">
                <properties />
                <test-case id="1057" name="AdvancedSettings_HaveCorrectDefaults" fullname="uPiper.Tests.Runtime.Core.PiperConfigTest.AdvancedSettings_HaveCorrectDefaults" methodname="AdvancedSettings_HaveCorrectDefaults" classname="uPiper.Tests.Runtime.Core.PiperConfigTest" runstate="Runnable" seed="176750682" result="Passed" start-time="2025-07-14 12:37:58Z" end-time="2025-07-14 12:37:58Z" duration="0.001402" asserts="0">
                  <properties>
                    <property name="retryIteration" value="0" />
                    <property name="repeatIteration" value="0" />
                  </properties>
                </test-case>
                <test-case id="1048" name="CreateDefault_ReturnsValidConfig" fullname="uPiper.Tests.Runtime.Core.PiperConfigTest.CreateDefault_ReturnsValidConfig" methodname="CreateDefault_ReturnsValidConfig" classname="uPiper.Tests.Runtime.Core.PiperConfigTest" runstate="Runnable" seed="467354107" result="Passed" start-time="2025-07-14 12:37:58Z" end-time="2025-07-14 12:37:58Z" duration="0.004225" asserts="0">
                  <properties>
                    <property name="retryIteration" value="0" />
                    <property name="repeatIteration" value="0" />
                  </properties>
                </test-case>
                <test-case id="1058" name="InferenceBackend_EnumValues" fullname="uPiper.Tests.Runtime.Core.PiperConfigTest.InferenceBackend_EnumValues" methodname="InferenceBackend_EnumValues" classname="uPiper.Tests.Runtime.Core.PiperConfigTest" runstate="Runnable" seed="573661905" result="Passed" start-time="2025-07-14 12:37:58Z" end-time="2025-07-14 12:37:58Z" duration="0.001105" asserts="0">
                  <properties>
                    <property name="retryIteration" value="0" />
                    <property name="repeatIteration" value="0" />
                  </properties>
                </test-case>
                <test-suite type="ParameterizedMethod" id="1056" name="Validate_AcceptsStandardSampleRates" fullname="uPiper.Tests.Runtime.Core.PiperConfigTest.Validate_AcceptsStandardSampleRates" classname="uPiper.Tests.Runtime.Core.PiperConfigTest" runstate="Runnable" testcasecount="4" result="Passed" start-time="2025-07-14 12:37:58Z" end-time="2025-07-14 12:37:58Z" duration="0.029157" total="4" passed="4" failed="0" inconclusive="0" skipped="0" asserts="0">
                  <properties />
                  <test-case id="1052" name="Validate_AcceptsStandardSampleRates(16000)" fullname="uPiper.Tests.Runtime.Core.PiperConfigTest.Validate_AcceptsStandardSampleRates(16000)" methodname="Validate_AcceptsStandardSampleRates" classname="uPiper.Tests.Runtime.Core.PiperConfigTest" runstate="Runnable" seed="842578138" result="Passed" start-time="2025-07-14 12:37:58Z" end-time="2025-07-14 12:37:58Z" duration="0.012880" asserts="0">
                    <properties>
                      <property name="retryIteration" value="0" />
                      <property name="repeatIteration" value="0" />
                    </properties>
                    <output><![CDATA[[uPiper] Auto-detected 3 worker threads
[uPiper] PiperConfig validated successfully
]]></output>
                  </test-case>
                  <test-case id="1053" name="Validate_AcceptsStandardSampleRates(22050)" fullname="uPiper.Tests.Runtime.Core.PiperConfigTest.Validate_AcceptsStandardSampleRates(22050)" methodname="Validate_AcceptsStandardSampleRates" classname="uPiper.Tests.Runtime.Core.PiperConfigTest" runstate="Runnable" seed="1114262803" result="Passed" start-time="2025-07-14 12:37:58Z" end-time="2025-07-14 12:37:58Z" duration="0.004465" asserts="0">
                    <properties>
                      <property name="retryIteration" value="0" />
                      <property name="repeatIteration" value="0" />
                    </properties>
                    <output><![CDATA[[uPiper] Auto-detected 3 worker threads
[uPiper] PiperConfig validated successfully
]]></output>
                  </test-case>
                  <test-case id="1054" name="Validate_AcceptsStandardSampleRates(44100)" fullname="uPiper.Tests.Runtime.Core.PiperConfigTest.Validate_AcceptsStandardSampleRates(44100)" methodname="Validate_AcceptsStandardSampleRates" classname="uPiper.Tests.Runtime.Core.PiperConfigTest" runstate="Runnable" seed="590200109" result="Passed" start-time="2025-07-14 12:37:58Z" end-time="2025-07-14 12:37:58Z" duration="0.004906" asserts="0">
                    <properties>
                      <property name="retryIteration" value="0" />
                      <property name="repeatIteration" value="0" />
                    </properties>
                    <output><![CDATA[[uPiper] Auto-detected 3 worker threads
[uPiper] PiperConfig validated successfully
]]></output>
                  </test-case>
                  <test-case id="1055" name="Validate_AcceptsStandardSampleRates(48000)" fullname="uPiper.Tests.Runtime.Core.PiperConfigTest.Validate_AcceptsStandardSampleRates(48000)" methodname="Validate_AcceptsStandardSampleRates" classname="uPiper.Tests.Runtime.Core.PiperConfigTest" runstate="Runnable" seed="61929500" result="Passed" start-time="2025-07-14 12:37:58Z" end-time="2025-07-14 12:37:58Z" duration="0.002008" asserts="0">
                    <properties>
                      <property name="retryIteration" value="0" />
                      <property name="repeatIteration" value="0" />
                    </properties>
                    <output><![CDATA[[uPiper] Auto-detected 3 worker threads
[uPiper] PiperConfig validated successfully
]]></output>
                  </test-case>
                </test-suite>
                <test-case id="1073" name="Validate_AdjustsInvalidBatchSize" fullname="uPiper.Tests.Runtime.Core.PiperConfigTest.Validate_AdjustsInvalidBatchSize" methodname="Validate_AdjustsInvalidBatchSize" classname="uPiper.Tests.Runtime.Core.PiperConfigTest" runstate="Runnable" seed="86921633" result="Passed" start-time="2025-07-14 12:37:58Z" end-time="2025-07-14 12:37:58Z" duration="0.010721" asserts="0">
                  <properties>
                    <property name="retryIteration" value="0" />
                    <property name="repeatIteration" value="0" />
                  </properties>
                  <output><![CDATA[[uPiper] Auto-detected 3 worker threads
[uPiper] InferenceBatchSize too small (0), setting to 1
[uPiper] PiperConfig validated successfully
]]></output>
                </test-case>
                <test-case id="1049" name="Validate_AdjustsInvalidCacheSize" fullname="uPiper.Tests.Runtime.Core.PiperConfigTest.Validate_AdjustsInvalidCacheSize" methodname="Validate_AdjustsInvalidCacheSize" classname="uPiper.Tests.Runtime.Core.PiperConfigTest" runstate="Runnable" seed="1836819781" result="Passed" start-time="2025-07-14 12:37:58Z" end-time="2025-07-14 12:37:58Z" duration="0.003340" asserts="0">
                  <properties>
                    <property name="retryIteration" value="0" />
                    <property name="repeatIteration" value="0" />
                  </properties>
                  <output><![CDATA[[uPiper] MaxCacheSizeMB too small (5MB), setting to minimum 10MB
[uPiper] Auto-detected 3 worker threads
[uPiper] PiperConfig validated successfully
]]></output>
                </test-case>
                <test-case id="1074" name="Validate_AdjustsLargeBatchSize" fullname="uPiper.Tests.Runtime.Core.PiperConfigTest.Validate_AdjustsLargeBatchSize" methodname="Validate_AdjustsLargeBatchSize" classname="uPiper.Tests.Runtime.Core.PiperConfigTest" runstate="Runnable" seed="1856293247" result="Passed" start-time="2025-07-14 12:37:58Z" end-time="2025-07-14 12:37:58Z" duration="0.005713" asserts="0">
                  <properties>
                    <property name="retryIteration" value="0" />
                    <property name="repeatIteration" value="0" />
                  </properties>
                  <output><![CDATA[[uPiper] Auto-detected 3 worker threads
[uPiper] InferenceBatchSize too large (50), setting to 32
[uPiper] PiperConfig validated successfully
]]></output>
                </test-case>
                <test-case id="1059" name="Validate_AdjustsLargeCacheSize" fullname="uPiper.Tests.Runtime.Core.PiperConfigTest.Validate_AdjustsLargeCacheSize" methodname="Validate_AdjustsLargeCacheSize" classname="uPiper.Tests.Runtime.Core.PiperConfigTest" runstate="Runnable" seed="1926442239" result="Passed" start-time="2025-07-14 12:37:58Z" end-time="2025-07-14 12:37:58Z" duration="0.002748" asserts="0">
                  <properties>
                    <property name="retryIteration" value="0" />
                    <property name="repeatIteration" value="0" />
                  </properties>
                  <output><![CDATA[[uPiper] MaxCacheSizeMB too large (1000MB), setting to maximum 500MB
[uPiper] Auto-detected 3 worker threads
[uPiper] PiperConfig validated successfully
]]></output>
                </test-case>
                <test-case id="1076" name="Validate_AdjustsLowRMSLevel" fullname="uPiper.Tests.Runtime.Core.PiperConfigTest.Validate_AdjustsLowRMSLevel" methodname="Validate_AdjustsLowRMSLevel" classname="uPiper.Tests.Runtime.Core.PiperConfigTest" runstate="Runnable" seed="1733536273" result="Passed" start-time="2025-07-14 12:37:58Z" end-time="2025-07-14 12:37:58Z" duration="0.005048" asserts="0">
                  <properties>
                    <property name="retryIteration" value="0" />
                    <property name="repeatIteration" value="0" />
                  </properties>
                  <output><![CDATA[[uPiper] Auto-detected 3 worker threads
[uPiper] TargetRMSLevel (-50dB) is too low, setting to -40dB
[uPiper] PiperConfig validated successfully
]]></output>
                </test-case>
                <test-case id="1075" name="Validate_AdjustsPositiveRMSLevel" fullname="uPiper.Tests.Runtime.Core.PiperConfigTest.Validate_AdjustsPositiveRMSLevel" methodname="Validate_AdjustsPositiveRMSLevel" classname="uPiper.Tests.Runtime.Core.PiperConfigTest" runstate="Runnable" seed="1183074969" result="Passed" start-time="2025-07-14 12:37:58Z" end-time="2025-07-14 12:37:58Z" duration="0.003178" asserts="0">
                  <properties>
                    <property name="retryIteration" value="0" />
                    <property name="repeatIteration" value="0" />
                  </properties>
                  <output><![CDATA[[uPiper] Auto-detected 3 worker threads
[uPiper] TargetRMSLevel (10dB) is positive, setting to 0dB
[uPiper] PiperConfig validated successfully
]]></output>
                </test-case>
                <test-case id="1077" name="Validate_IgnoresRMSLevelWhenNotNormalizing" fullname="uPiper.Tests.Runtime.Core.PiperConfigTest.Validate_IgnoresRMSLevelWhenNotNormalizing" methodname="Validate_IgnoresRMSLevelWhenNotNormalizing" classname="uPiper.Tests.Runtime.Core.PiperConfigTest" runstate="Runnable" seed="658747580" result="Passed" start-time="2025-07-14 12:37:58Z" end-time="2025-07-14 12:37:58Z" duration="0.003657" asserts="0">
                  <properties>
                    <property name="retryIteration" value="0" />
                    <property name="repeatIteration" value="0" />
                  </properties>
                  <output><![CDATA[[uPiper] Auto-detected 3 worker threads
[uPiper] PiperConfig validated successfully
]]></output>
                </test-case>
                <test-case id="1078" name="Validate_LogsSuccessMessage" fullname="uPiper.Tests.Runtime.Core.PiperConfigTest.Validate_LogsSuccessMessage" methodname="Validate_LogsSuccessMessage" classname="uPiper.Tests.Runtime.Core.PiperConfigTest" runstate="Runnable" seed="1621950954" result="Passed" start-time="2025-07-14 12:37:58Z" end-time="2025-07-14 12:37:58Z" duration="0.002023" asserts="0">
                  <properties>
                    <property name="retryIteration" value="0" />
                    <property name="repeatIteration" value="0" />
                  </properties>
                  <output><![CDATA[[uPiper] Auto-detected 3 worker threads
[uPiper] PiperConfig validated successfully
]]></output>
                </test-case>
                <test-case id="1069" name="Validate_NormalizesLanguageCode" fullname="uPiper.Tests.Runtime.Core.PiperConfigTest.Validate_NormalizesLanguageCode" methodname="Validate_NormalizesLanguageCode" classname="uPiper.Tests.Runtime.Core.PiperConfigTest" runstate="Runnable" seed="1160780326" result="Passed" start-time="2025-07-14 12:37:58Z" end-time="2025-07-14 12:37:58Z" duration="0.001919" asserts="0">
                  <properties>
                    <property name="retryIteration" value="0" />
                    <property name="repeatIteration" value="0" />
                  </properties>
                  <output><![CDATA[[uPiper] Auto-detected 3 worker threads
[uPiper] PiperConfig validated successfully
]]></output>
                </test-case>
                <test-case id="1051" name="Validate_SetsWorkerThreadsAutomatically" fullname="uPiper.Tests.Runtime.Core.PiperConfigTest.Validate_SetsWorkerThreadsAutomatically" methodname="Validate_SetsWorkerThreadsAutomatically" classname="uPiper.Tests.Runtime.Core.PiperConfigTest" runstate="Runnable" seed="519433821" result="Passed" start-time="2025-07-14 12:37:58Z" end-time="2025-07-14 12:37:58Z" duration="0.003699" asserts="0">
                  <properties>
                    <property name="retryIteration" value="0" />
                    <property name="repeatIteration" value="0" />
                  </properties>
                  <output><![CDATA[[uPiper] Auto-detected 3 worker threads
[uPiper] PiperConfig validated successfully
]]></output>
                </test-case>
                <test-suite type="ParameterizedMethod" id="1068" name="Validate_ThrowsForInvalidLanguage" fullname="uPiper.Tests.Runtime.Core.PiperConfigTest.Validate_ThrowsForInvalidLanguage" classname="uPiper.Tests.Runtime.Core.PiperConfigTest" runstate="Runnable" testcasecount="3" result="Passed" start-time="2025-07-14 12:37:58Z" end-time="2025-07-14 12:37:58Z" duration="0.008922" total="3" passed="3" failed="0" inconclusive="0" skipped="0" asserts="0">
                  <properties />
                  <test-case id="1065" name="Validate_ThrowsForInvalidLanguage(null)" fullname="uPiper.Tests.Runtime.Core.PiperConfigTest.Validate_ThrowsForInvalidLanguage(null)" methodname="Validate_ThrowsForInvalidLanguage" classname="uPiper.Tests.Runtime.Core.PiperConfigTest" runstate="Runnable" seed="736608839" result="Passed" start-time="2025-07-14 12:37:58Z" end-time="2025-07-14 12:37:58Z" duration="0.003114" asserts="0">
                    <properties>
                      <property name="retryIteration" value="0" />
                      <property name="repeatIteration" value="0" />
                    </properties>
                    <output><![CDATA[[uPiper] Auto-detected 3 worker threads
]]></output>
                  </test-case>
                  <test-case id="1066" name="Validate_ThrowsForInvalidLanguage(&quot;&quot;)" fullname="uPiper.Tests.Runtime.Core.PiperConfigTest.Validate_ThrowsForInvalidLanguage(&quot;&quot;)" methodname="Validate_ThrowsForInvalidLanguage" classname="uPiper.Tests.Runtime.Core.PiperConfigTest" runstate="Runnable" seed="382828955" result="Passed" start-time="2025-07-14 12:37:58Z" end-time="2025-07-14 12:37:58Z" duration="0.001287" asserts="0">
                    <properties>
                      <property name="retryIteration" value="0" />
                      <property name="repeatIteration" value="0" />
                    </properties>
                    <output><![CDATA[[uPiper] Auto-detected 3 worker threads
]]></output>
                  </test-case>
                  <test-case id="1067" name="Validate_ThrowsForInvalidLanguage(&quot;   &quot;)" fullname="uPiper.Tests.Runtime.Core.PiperConfigTest.Validate_ThrowsForInvalidLanguage(&quot;   &quot;)" methodname="Validate_ThrowsForInvalidLanguage" classname="uPiper.Tests.Runtime.Core.PiperConfigTest" runstate="Runnable" seed="1474509871" result="Passed" start-time="2025-07-14 12:37:58Z" end-time="2025-07-14 12:37:58Z" duration="0.001269" asserts="0">
                    <properties>
                      <property name="retryIteration" value="0" />
                      <property name="repeatIteration" value="0" />
                    </properties>
                    <output><![CDATA[[uPiper] Auto-detected 3 worker threads
]]></output>
                  </test-case>
                </test-suite>
                <test-suite type="ParameterizedMethod" id="1062" name="Validate_ThrowsForInvalidSampleRate" fullname="uPiper.Tests.Runtime.Core.PiperConfigTest.Validate_ThrowsForInvalidSampleRate" classname="uPiper.Tests.Runtime.Core.PiperConfigTest" runstate="Runnable" testcasecount="2" result="Passed" start-time="2025-07-14 12:37:58Z" end-time="2025-07-14 12:37:58Z" duration="0.002010" total="2" passed="2" failed="0" inconclusive="0" skipped="0" asserts="0">
                  <properties />
                  <test-case id="1060" name="Validate_ThrowsForInvalidSampleRate(7999)" fullname="uPiper.Tests.Runtime.Core.PiperConfigTest.Validate_ThrowsForInvalidSampleRate(7999)" methodname="Validate_ThrowsForInvalidSampleRate" classname="uPiper.Tests.Runtime.Core.PiperConfigTest" runstate="Runnable" seed="883960308" result="Passed" start-time="2025-07-14 12:37:58Z" end-time="2025-07-14 12:37:58Z" duration="0.000609" asserts="0">
                    <properties>
                      <property name="retryIteration" value="0" />
                      <property name="repeatIteration" value="0" />
                    </properties>
                  </test-case>
                  <test-case id="1061" name="Validate_ThrowsForInvalidSampleRate(48001)" fullname="uPiper.Tests.Runtime.Core.PiperConfigTest.Validate_ThrowsForInvalidSampleRate(48001)" methodname="Validate_ThrowsForInvalidSampleRate" classname="uPiper.Tests.Runtime.Core.PiperConfigTest" runstate="Runnable" seed="1997586264" result="Passed" start-time="2025-07-14 12:37:58Z" end-time="2025-07-14 12:37:58Z" duration="0.000199" asserts="0">
                    <properties>
                      <property name="retryIteration" value="0" />
                      <property name="repeatIteration" value="0" />
                    </properties>
                  </test-case>
                </test-suite>
                <test-case id="1071" name="Validate_ThrowsForNegativeTimeout" fullname="uPiper.Tests.Runtime.Core.PiperConfigTest.Validate_ThrowsForNegativeTimeout" methodname="Validate_ThrowsForNegativeTimeout" classname="uPiper.Tests.Runtime.Core.PiperConfigTest" runstate="Runnable" seed="727797980" result="Passed" start-time="2025-07-14 12:37:58Z" end-time="2025-07-14 12:37:58Z" duration="0.001858" asserts="0">
                  <properties>
                    <property name="retryIteration" value="0" />
                    <property name="repeatIteration" value="0" />
                  </properties>
                  <output><![CDATA[[uPiper] Auto-detected 3 worker threads
]]></output>
                </test-case>
                <test-case id="1063" name="Validate_ThrowsForNegativeWorkerThreads" fullname="uPiper.Tests.Runtime.Core.PiperConfigTest.Validate_ThrowsForNegativeWorkerThreads" methodname="Validate_ThrowsForNegativeWorkerThreads" classname="uPiper.Tests.Runtime.Core.PiperConfigTest" runstate="Runnable" seed="2085263326" result="Passed" start-time="2025-07-14 12:37:58Z" end-time="2025-07-14 12:37:58Z" duration="0.000592" asserts="0">
                  <properties>
                    <property name="retryIteration" value="0" />
                    <property name="repeatIteration" value="0" />
                  </properties>
                </test-case>
                <test-case id="1050" name="Validate_WarnsAboutNonStandardSampleRate" fullname="uPiper.Tests.Runtime.Core.PiperConfigTest.Validate_WarnsAboutNonStandardSampleRate" methodname="Validate_WarnsAboutNonStandardSampleRate" classname="uPiper.Tests.Runtime.Core.PiperConfigTest" runstate="Runnable" seed="1519307451" result="Passed" start-time="2025-07-14 12:37:58Z" end-time="2025-07-14 12:37:58Z" duration="0.003623" asserts="0">
                  <properties>
                    <property name="retryIteration" value="0" />
                    <property name="repeatIteration" value="0" />
                  </properties>
                  <output><![CDATA[[uPiper] Non-standard sample rate 11025Hz. Recommended: 22050Hz or 16000Hz
[uPiper] Auto-detected 3 worker threads
[uPiper] PiperConfig validated successfully
]]></output>
                </test-case>
                <test-case id="1064" name="Validate_WarnsForExcessiveWorkerThreads" fullname="uPiper.Tests.Runtime.Core.PiperConfigTest.Validate_WarnsForExcessiveWorkerThreads" methodname="Validate_WarnsForExcessiveWorkerThreads" classname="uPiper.Tests.Runtime.Core.PiperConfigTest" runstate="Runnable" seed="2128017723" result="Passed" start-time="2025-07-14 12:37:58Z" end-time="2025-07-14 12:37:58Z" duration="0.004419" asserts="0">
                  <properties>
                    <property name="retryIteration" value="0" />
                    <property name="repeatIteration" value="0" />
                  </properties>
                  <output><![CDATA[[uPiper] WorkerThreads (20) exceeds recommended maximum of 16
[uPiper] PiperConfig validated successfully
]]></output>
                </test-case>
                <test-case id="1072" name="Validate_WarnsForShortTimeout" fullname="uPiper.Tests.Runtime.Core.PiperConfigTest.Validate_WarnsForShortTimeout" methodname="Validate_WarnsForShortTimeout" classname="uPiper.Tests.Runtime.Core.PiperConfigTest" runstate="Runnable" seed="213630325" result="Passed" start-time="2025-07-14 12:37:58Z" end-time="2025-07-14 12:37:58Z" duration="0.003068" asserts="0">
                  <properties>
                    <property name="retryIteration" value="0" />
                    <property name="repeatIteration" value="0" />
                  </properties>
                  <output><![CDATA[[uPiper] Auto-detected 3 worker threads
[uPiper] TimeoutMs (500ms) is very short. Recommended minimum: 1000ms
[uPiper] PiperConfig validated successfully
]]></output>
                </test-case>
                <test-case id="1070" name="Validate_WarnsForUnusualLanguageFormat" fullname="uPiper.Tests.Runtime.Core.PiperConfigTest.Validate_WarnsForUnusualLanguageFormat" methodname="Validate_WarnsForUnusualLanguageFormat" classname="uPiper.Tests.Runtime.Core.PiperConfigTest" runstate="Runnable" seed="1071982553" result="Passed" start-time="2025-07-14 12:37:58Z" end-time="2025-07-14 12:37:58Z" duration="0.003018" asserts="0">
                  <properties>
                    <property name="retryIteration" value="0" />
                    <property name="repeatIteration" value="0" />
                  </properties>
                  <output><![CDATA[[uPiper] Auto-detected 3 worker threads
[uPiper] Unusual language code format: 'japanese'. Expected format: 'ja' or 'ja-JP'
[uPiper] PiperConfig validated successfully
]]></output>
                </test-case>
              </test-suite>
              <test-suite type="TestFixture" id="1079" name="PiperExceptionTest" fullname="uPiper.Tests.Runtime.Core.PiperExceptionTest" classname="uPiper.Tests.Runtime.Core.PiperExceptionTest" runstate="Runnable" testcasecount="12" result="Passed" start-time="2025-07-14 12:37:58Z" end-time="2025-07-14 12:37:58Z" duration="0.012169" total="12" passed="12" failed="0" inconclusive="0" skipped="0" asserts="0">
                <properties />
                <test-case id="1091" name="AllErrorCodes_AreDefined" fullname="uPiper.Tests.Runtime.Core.PiperExceptionTest.AllErrorCodes_AreDefined" methodname="AllErrorCodes_AreDefined" classname="uPiper.Tests.Runtime.Core.PiperExceptionTest" runstate="Runnable" seed="958349054" result="Passed" start-time="2025-07-14 12:37:58Z" end-time="2025-07-14 12:37:58Z" duration="0.002219" asserts="0">
                  <properties>
                    <property name="retryIteration" value="0" />
                    <property name="repeatIteration" value="0" />
                  </properties>
                </test-case>
                <test-case id="1088" name="PiperConfigurationException_SetsCorrectErrorCode" fullname="uPiper.Tests.Runtime.Core.PiperExceptionTest.PiperConfigurationException_SetsCorrectErrorCode" methodname="PiperConfigurationException_SetsCorrectErrorCode" classname="uPiper.Tests.Runtime.Core.PiperExceptionTest" runstate="Runnable" seed="1609123766" result="Passed" start-time="2025-07-14 12:37:58Z" end-time="2025-07-14 12:37:58Z" duration="0.000540" asserts="0">
                  <properties>
                    <property name="retryIteration" value="0" />
                    <property name="repeatIteration" value="0" />
                  </properties>
                </test-case>
                <test-case id="1080" name="PiperException_BasicConstructor" fullname="uPiper.Tests.Runtime.Core.PiperExceptionTest.PiperException_BasicConstructor" methodname="PiperException_BasicConstructor" classname="uPiper.Tests.Runtime.Core.PiperExceptionTest" runstate="Runnable" seed="778363416" result="Passed" start-time="2025-07-14 12:37:58Z" end-time="2025-07-14 12:37:58Z" duration="0.000523" asserts="0">
                  <properties>
                    <property name="retryIteration" value="0" />
                    <property name="repeatIteration" value="0" />
                  </properties>
                </test-case>
                <test-case id="1083" name="PiperException_WithContext" fullname="uPiper.Tests.Runtime.Core.PiperExceptionTest.PiperException_WithContext" methodname="PiperException_WithContext" classname="uPiper.Tests.Runtime.Core.PiperExceptionTest" runstate="Runnable" seed="1321994010" result="Passed" start-time="2025-07-14 12:37:58Z" end-time="2025-07-14 12:37:58Z" duration="0.000449" asserts="0">
                  <properties>
                    <property name="retryIteration" value="0" />
                    <property name="repeatIteration" value="0" />
                  </properties>
                </test-case>
                <test-case id="1082" name="PiperException_WithErrorCode" fullname="uPiper.Tests.Runtime.Core.PiperExceptionTest.PiperException_WithErrorCode" methodname="PiperException_WithErrorCode" classname="uPiper.Tests.Runtime.Core.PiperExceptionTest" runstate="Runnable" seed="121174250" result="Passed" start-time="2025-07-14 12:37:58Z" end-time="2025-07-14 12:37:58Z" duration="0.000298" asserts="0">
                  <properties>
                    <property name="retryIteration" value="0" />
                    <property name="repeatIteration" value="0" />
                  </properties>
                </test-case>
                <test-case id="1081" name="PiperException_WithInnerException" fullname="uPiper.Tests.Runtime.Core.PiperExceptionTest.PiperException_WithInnerException" methodname="PiperException_WithInnerException" classname="uPiper.Tests.Runtime.Core.PiperExceptionTest" runstate="Runnable" seed="251409810" result="Passed" start-time="2025-07-14 12:37:58Z" end-time="2025-07-14 12:37:58Z" duration="0.000576" asserts="0">
                  <properties>
                    <property name="retryIteration" value="0" />
                    <property name="repeatIteration" value="0" />
                  </properties>
                </test-case>
                <test-case id="1086" name="PiperInferenceException_SetsCorrectErrorCode" fullname="uPiper.Tests.Runtime.Core.PiperExceptionTest.PiperInferenceException_SetsCorrectErrorCode" methodname="PiperInferenceException_SetsCorrectErrorCode" classname="uPiper.Tests.Runtime.Core.PiperExceptionTest" runstate="Runnable" seed="1224492962" result="Passed" start-time="2025-07-14 12:37:58Z" end-time="2025-07-14 12:37:58Z" duration="0.000377" asserts="0">
                  <properties>
                    <property name="retryIteration" value="0" />
                    <property name="repeatIteration" value="0" />
                  </properties>
                </test-case>
                <test-case id="1084" name="PiperInitializationException_SetsCorrectErrorCode" fullname="uPiper.Tests.Runtime.Core.PiperExceptionTest.PiperInitializationException_SetsCorrectErrorCode" methodname="PiperInitializationException_SetsCorrectErrorCode" classname="uPiper.Tests.Runtime.Core.PiperExceptionTest" runstate="Runnable" seed="1054805499" result="Passed" start-time="2025-07-14 12:37:58Z" end-time="2025-07-14 12:37:58Z" duration="0.000352" asserts="0">
                  <properties>
                    <property name="retryIteration" value="0" />
                    <property name="repeatIteration" value="0" />
                  </properties>
                </test-case>
                <test-case id="1085" name="PiperModelLoadException_StoresModelPath" fullname="uPiper.Tests.Runtime.Core.PiperExceptionTest.PiperModelLoadException_StoresModelPath" methodname="PiperModelLoadException_StoresModelPath" classname="uPiper.Tests.Runtime.Core.PiperExceptionTest" runstate="Runnable" seed="575095845" result="Passed" start-time="2025-07-14 12:37:58Z" end-time="2025-07-14 12:37:58Z" duration="0.000476" asserts="0">
                  <properties>
                    <property name="retryIteration" value="0" />
                    <property name="repeatIteration" value="0" />
                  </properties>
                </test-case>
                <test-case id="1087" name="PiperPhonemizationException_StoresInputData" fullname="uPiper.Tests.Runtime.Core.PiperExceptionTest.PiperPhonemizationException_StoresInputData" methodname="PiperPhonemizationException_StoresInputData" classname="uPiper.Tests.Runtime.Core.PiperExceptionTest" runstate="Runnable" seed="2005190916" result="Passed" start-time="2025-07-14 12:37:58Z" end-time="2025-07-14 12:37:58Z" duration="0.000534" asserts="0">
                  <properties>
                    <property name="retryIteration" value="0" />
                    <property name="repeatIteration" value="0" />
                  </properties>
                </test-case>
                <test-case id="1089" name="PiperPlatformNotSupportedException_FormatsMessage" fullname="uPiper.Tests.Runtime.Core.PiperExceptionTest.PiperPlatformNotSupportedException_FormatsMessage" methodname="PiperPlatformNotSupportedException_FormatsMessage" classname="uPiper.Tests.Runtime.Core.PiperExceptionTest" runstate="Runnable" seed="880090378" result="Passed" start-time="2025-07-14 12:37:58Z" end-time="2025-07-14 12:37:58Z" duration="0.000463" asserts="0">
                  <properties>
                    <property name="retryIteration" value="0" />
                    <property name="repeatIteration" value="0" />
                  </properties>
                </test-case>
                <test-case id="1090" name="PiperTimeoutException_FormatsMessage" fullname="uPiper.Tests.Runtime.Core.PiperExceptionTest.PiperTimeoutException_FormatsMessage" methodname="PiperTimeoutException_FormatsMessage" classname="uPiper.Tests.Runtime.Core.PiperExceptionTest" runstate="Runnable" seed="1243441641" result="Passed" start-time="2025-07-14 12:37:58Z" end-time="2025-07-14 12:37:58Z" duration="0.000489" asserts="0">
                  <properties>
                    <property name="retryIteration" value="0" />
                    <property name="repeatIteration" value="0" />
                  </properties>
                </test-case>
              </test-suite>
              <test-suite type="TestFixture" id="1092" name="PiperLoggerTest" fullname="uPiper.Tests.Runtime.Core.PiperLoggerTest" classname="uPiper.Tests.Runtime.Core.PiperLoggerTest" runstate="Runnable" testcasecount="11" result="Passed" start-time="2025-07-14 12:37:58Z" end-time="2025-07-14 12:37:58Z" duration="0.027662" total="11" passed="11" failed="0" inconclusive="0" skipped="0" asserts="0">
                <properties />
                <test-case id="1101" name="Initialize_SetsCorrectDefaultLevel" fullname="uPiper.Tests.Runtime.Core.PiperLoggerTest.Initialize_SetsCorrectDefaultLevel" methodname="Initialize_SetsCorrectDefaultLevel" classname="uPiper.Tests.Runtime.Core.PiperLoggerTest" runstate="Runnable" seed="1927288085" result="Passed" start-time="2025-07-14 12:37:58Z" end-time="2025-07-14 12:37:58Z" duration="0.005839" asserts="0">
                  <properties>
                    <property name="retryIteration" value="0" />
                    <property name="repeatIteration" value="0" />
                  </properties>
                  <output><![CDATA[[uPiper] Debug should work
]]></output>
                </test-case>
                <test-case id="1097" name="LogDebug_InEditor_OutputsDebugMessage" fullname="uPiper.Tests.Runtime.Core.PiperLoggerTest.LogDebug_InEditor_OutputsDebugMessage" methodname="LogDebug_InEditor_OutputsDebugMessage" classname="uPiper.Tests.Runtime.Core.PiperLoggerTest" runstate="Runnable" seed="879434939" result="Passed" start-time="2025-07-14 12:37:58Z" end-time="2025-07-14 12:37:58Z" duration="0.001308" asserts="0">
                  <properties>
                    <property name="retryIteration" value="0" />
                    <property name="repeatIteration" value="0" />
                  </properties>
                  <output><![CDATA[[uPiper] Debug message
]]></output>
                </test-case>
                <test-case id="1096" name="LogError_WithValidMessage_OutputsError" fullname="uPiper.Tests.Runtime.Core.PiperLoggerTest.LogError_WithValidMessage_OutputsError" methodname="LogError_WithValidMessage_OutputsError" classname="uPiper.Tests.Runtime.Core.PiperLoggerTest" runstate="Runnable" seed="211103309" result="Passed" start-time="2025-07-14 12:37:58Z" end-time="2025-07-14 12:37:58Z" duration="0.001790" asserts="0">
                  <properties>
                    <property name="retryIteration" value="0" />
                    <property name="repeatIteration" value="0" />
                  </properties>
                  <output><![CDATA[[uPiper] Test error message
]]></output>
                </test-case>
                <test-case id="1094" name="LogInfo_WithParameters_FormatsCorrectly" fullname="uPiper.Tests.Runtime.Core.PiperLoggerTest.LogInfo_WithParameters_FormatsCorrectly" methodname="LogInfo_WithParameters_FormatsCorrectly" classname="uPiper.Tests.Runtime.Core.PiperLoggerTest" runstate="Runnable" seed="30911793" result="Passed" start-time="2025-07-14 12:37:58Z" end-time="2025-07-14 12:37:58Z" duration="0.001316" asserts="0">
                  <properties>
                    <property name="retryIteration" value="0" />
                    <property name="repeatIteration" value="0" />
                  </properties>
                  <output><![CDATA[[uPiper] Loading model: test.onnx for language: ja
]]></output>
                </test-case>
                <test-case id="1093" name="LogInfo_WithValidMessage_OutputsToConsole" fullname="uPiper.Tests.Runtime.Core.PiperLoggerTest.LogInfo_WithValidMessage_OutputsToConsole" methodname="LogInfo_WithValidMessage_OutputsToConsole" classname="uPiper.Tests.Runtime.Core.PiperLoggerTest" runstate="Runnable" seed="1279327833" result="Passed" start-time="2025-07-14 12:37:58Z" end-time="2025-07-14 12:37:58Z" duration="0.001327" asserts="0">
                  <properties>
                    <property name="retryIteration" value="0" />
                    <property name="repeatIteration" value="0" />
                  </properties>
                  <output><![CDATA[[uPiper] Test info message
]]></output>
                </test-case>
                <test-case id="1095" name="LogWarning_WithValidMessage_OutputsWarning" fullname="uPiper.Tests.Runtime.Core.PiperLoggerTest.LogWarning_WithValidMessage_OutputsWarning" methodname="LogWarning_WithValidMessage_OutputsWarning" classname="uPiper.Tests.Runtime.Core.PiperLoggerTest" runstate="Runnable" seed="1590320141" result="Passed" start-time="2025-07-14 12:37:58Z" end-time="2025-07-14 12:37:58Z" duration="0.001317" asserts="0">
                  <properties>
                    <property name="retryIteration" value="0" />
                    <property name="repeatIteration" value="0" />
                  </properties>
                  <output><![CDATA[[uPiper] Test warning message
]]></output>
                </test-case>
                <test-case id="1103" name="LogWithEmptyParameters_HandlesGracefully" fullname="uPiper.Tests.Runtime.Core.PiperLoggerTest.LogWithEmptyParameters_HandlesGracefully" methodname="LogWithEmptyParameters_HandlesGracefully" classname="uPiper.Tests.Runtime.Core.PiperLoggerTest" runstate="Runnable" seed="324723725" result="Passed" start-time="2025-07-14 12:37:58Z" end-time="2025-07-14 12:37:58Z" duration="0.001752" asserts="0">
                  <properties>
                    <property name="retryIteration" value="0" />
                    <property name="repeatIteration" value="0" />
                  </properties>
                  <output><![CDATA[[uPiper] Message with {0} parameters
]]></output>
                </test-case>
                <test-case id="1102" name="LogWithNullMessage_HandlesGracefully" fullname="uPiper.Tests.Runtime.Core.PiperLoggerTest.LogWithNullMessage_HandlesGracefully" methodname="LogWithNullMessage_HandlesGracefully" classname="uPiper.Tests.Runtime.Core.PiperLoggerTest" runstate="Runnable" seed="438267788" result="Passed" start-time="2025-07-14 12:37:58Z" end-time="2025-07-14 12:37:58Z" duration="0.001288" asserts="0">
                  <properties>
                    <property name="retryIteration" value="0" />
                    <property name="repeatIteration" value="0" />
                  </properties>
                  <output><![CDATA[[uPiper] 
]]></output>
                </test-case>
                <test-case id="1100" name="SetMinimumLevel_ToDebug_AllowsAllMessages" fullname="uPiper.Tests.Runtime.Core.PiperLoggerTest.SetMinimumLevel_ToDebug_AllowsAllMessages" methodname="SetMinimumLevel_ToDebug_AllowsAllMessages" classname="uPiper.Tests.Runtime.Core.PiperLoggerTest" runstate="Runnable" seed="636154891" result="Passed" start-time="2025-07-14 12:37:58Z" end-time="2025-07-14 12:37:58Z" duration="0.004878" asserts="0">
                  <properties>
                    <property name="retryIteration" value="0" />
                    <property name="repeatIteration" value="0" />
                  </properties>
                  <output><![CDATA[[uPiper] Debug test
[uPiper] Info test
[uPiper] Warning test
[uPiper] Error test
]]></output>
                </test-case>
                <test-case id="1099" name="SetMinimumLevel_ToError_FiltersWarningMessages" fullname="uPiper.Tests.Runtime.Core.PiperLoggerTest.SetMinimumLevel_ToError_FiltersWarningMessages" methodname="SetMinimumLevel_ToError_FiltersWarningMessages" classname="uPiper.Tests.Runtime.Core.PiperLoggerTest" runstate="Runnable" seed="728760361" result="Passed" start-time="2025-07-14 12:37:58Z" end-time="2025-07-14 12:37:58Z" duration="0.000912" asserts="0">
                  <properties>
                    <property name="retryIteration" value="0" />
                    <property name="repeatIteration" value="0" />
                  </properties>
                </test-case>
                <test-case id="1098" name="SetMinimumLevel_ToWarning_FiltersInfoMessages" fullname="uPiper.Tests.Runtime.Core.PiperLoggerTest.SetMinimumLevel_ToWarning_FiltersInfoMessages" methodname="SetMinimumLevel_ToWarning_FiltersInfoMessages" classname="uPiper.Tests.Runtime.Core.PiperLoggerTest" runstate="Runnable" seed="1422330715" result="Passed" start-time="2025-07-14 12:37:58Z" end-time="2025-07-14 12:37:58Z" duration="0.000364" asserts="0">
                  <properties>
                    <property name="retryIteration" value="0" />
                    <property name="repeatIteration" value="0" />
                  </properties>
                </test-case>
              </test-suite>
              <test-suite type="TestFixture" id="1104" name="PiperTTSTest" fullname="uPiper.Tests.Runtime.Core.PiperTTSTest" classname="uPiper.Tests.Runtime.Core.PiperTTSTest" runstate="Runnable" testcasecount="29" result="Failed" site="Child" start-time="2025-07-14 12:37:58Z" end-time="2025-07-14 12:37:59Z" duration="0.051428" total="29" passed="8" failed="21" inconclusive="0" skipped="0" asserts="0">
                <properties />
                <failure>
                  <message><![CDATA[One or more child tests had errors]]></message>
                </failure>
                <test-case id="1128" name="ClearCache_DoesNotThrow" fullname="uPiper.Tests.Runtime.Core.PiperTTSTest.ClearCache_DoesNotThrow" methodname="ClearCache_DoesNotThrow" classname="uPiper.Tests.Runtime.Core.PiperTTSTest" runstate="Runnable" seed="980130996" result="Passed" start-time="2025-07-14 12:37:58Z" end-time="2025-07-14 12:37:58Z" duration="0.006642" asserts="0">
                  <properties>
                    <property name="retryIteration" value="0" />
                    <property name="repeatIteration" value="0" />
                  </properties>
                  <output><![CDATA[[uPiper] Auto-detected 3 worker threads
[uPiper] PiperConfig validated successfully
[uPiper] PiperTTS instance created with config: SampleRate=22050Hz, Language=ja
[uPiper] Cache cleared (was already empty)
[uPiper] PiperTTS disposed
]]></output>
                </test-case>
                <test-case id="1133" name="ConcurrentAccess_IsThreadSafe" fullname="uPiper.Tests.Runtime.Core.PiperTTSTest.ConcurrentAccess_IsThreadSafe" methodname="ConcurrentAccess_IsThreadSafe" classname="uPiper.Tests.Runtime.Core.PiperTTSTest" runstate="NotRunnable" seed="961898258" result="Failed" label="Invalid" start-time="2025-07-14 12:37:58Z" end-time="2025-07-14 12:37:58Z" duration="0.000452" asserts="0">
                  <properties>
                    <property name="_SKIPREASON" value="Method marked with UnityTest must return IEnumerator." />
                    <property name="_JOINTYPE" value="UnityCombinatorial" />
                  </properties>
                  <failure>
                    <message><![CDATA[Method marked with UnityTest must return IEnumerator.]]></message>
                  </failure>
                </test-case>
                <test-case id="1107" name="Constructor_ValidatesConfig" fullname="uPiper.Tests.Runtime.Core.PiperTTSTest.Constructor_ValidatesConfig" methodname="Constructor_ValidatesConfig" classname="uPiper.Tests.Runtime.Core.PiperTTSTest" runstate="Runnable" seed="973073784" result="Passed" start-time="2025-07-14 12:37:58Z" end-time="2025-07-14 12:37:58Z" duration="0.003805" asserts="0">
                  <properties>
                    <property name="retryIteration" value="0" />
                    <property name="repeatIteration" value="0" />
                  </properties>
                  <output><![CDATA[[uPiper] Auto-detected 3 worker threads
[uPiper] PiperConfig validated successfully
[uPiper] PiperTTS instance created with config: SampleRate=22050Hz, Language=ja
[uPiper] PiperTTS disposed
]]></output>
                </test-case>
                <test-case id="1106" name="Constructor_WithNullConfig_ThrowsArgumentNullException" fullname="uPiper.Tests.Runtime.Core.PiperTTSTest.Constructor_WithNullConfig_ThrowsArgumentNullException" methodname="Constructor_WithNullConfig_ThrowsArgumentNullException" classname="uPiper.Tests.Runtime.Core.PiperTTSTest" runstate="Runnable" seed="1401220833" result="Passed" start-time="2025-07-14 12:37:58Z" end-time="2025-07-14 12:37:58Z" duration="0.003836" asserts="0">
                  <properties>
                    <property name="retryIteration" value="0" />
                    <property name="repeatIteration" value="0" />
                  </properties>
                  <output><![CDATA[[uPiper] Auto-detected 3 worker threads
[uPiper] PiperConfig validated successfully
[uPiper] PiperTTS instance created with config: SampleRate=22050Hz, Language=ja
[uPiper] PiperTTS disposed
]]></output>
                </test-case>
                <test-case id="1105" name="Constructor_WithValidConfig_CreatesInstance" fullname="uPiper.Tests.Runtime.Core.PiperTTSTest.Constructor_WithValidConfig_CreatesInstance" methodname="Constructor_WithValidConfig_CreatesInstance" classname="uPiper.Tests.Runtime.Core.PiperTTSTest" runstate="Runnable" seed="1186759755" result="Passed" start-time="2025-07-14 12:37:58Z" end-time="2025-07-14 12:37:58Z" duration="0.005003" asserts="0">
                  <properties>
                    <property name="retryIteration" value="0" />
                    <property name="repeatIteration" value="0" />
                  </properties>
                  <output><![CDATA[[uPiper] Auto-detected 3 worker threads
[uPiper] PiperConfig validated successfully
[uPiper] PiperTTS instance created with config: SampleRate=22050Hz, Language=ja
[uPiper] PiperTTS disposed
]]></output>
                </test-case>
                <test-case id="1131" name="Dispose_CanBeCalledMultipleTimes" fullname="uPiper.Tests.Runtime.Core.PiperTTSTest.Dispose_CanBeCalledMultipleTimes" methodname="Dispose_CanBeCalledMultipleTimes" classname="uPiper.Tests.Runtime.Core.PiperTTSTest" runstate="Runnable" seed="890834373" result="Passed" start-time="2025-07-14 12:37:58Z" end-time="2025-07-14 12:37:58Z" duration="0.003913" asserts="0">
                  <properties>
                    <property name="retryIteration" value="0" />
                    <property name="repeatIteration" value="0" />
                  </properties>
                  <output><![CDATA[[uPiper] Auto-detected 3 worker threads
[uPiper] PiperConfig validated successfully
[uPiper] PiperTTS instance created with config: SampleRate=22050Hz, Language=ja
[uPiper] PiperTTS disposed
]]></output>
                </test-case>
                <test-case id="1132" name="Dispose_PreventsOperations" fullname="uPiper.Tests.Runtime.Core.PiperTTSTest.Dispose_PreventsOperations" methodname="Dispose_PreventsOperations" classname="uPiper.Tests.Runtime.Core.PiperTTSTest" runstate="NotRunnable" seed="469362744" result="Failed" label="Invalid" start-time="2025-07-14 12:37:59Z" end-time="2025-07-14 12:37:59Z" duration="0.000004" asserts="0">
                  <properties>
                    <property name="_SKIPREASON" value="Method marked with UnityTest must return IEnumerator." />
                    <property name="_JOINTYPE" value="UnityCombinatorial" />
                  </properties>
                  <failure>
                    <message><![CDATA[Method marked with UnityTest must return IEnumerator.]]></message>
                  </failure>
                </test-case>
                <test-case id="1122" name="GenerateAudio_WithVoice_ReturnsAudioClip" fullname="uPiper.Tests.Runtime.Core.PiperTTSTest.GenerateAudio_WithVoice_ReturnsAudioClip" methodname="GenerateAudio_WithVoice_ReturnsAudioClip" classname="uPiper.Tests.Runtime.Core.PiperTTSTest" runstate="NotRunnable" seed="578970484" result="Failed" label="Invalid" start-time="2025-07-14 12:37:59Z" end-time="2025-07-14 12:37:59Z" duration="0.000005" asserts="0">
                  <properties>
                    <property name="_SKIPREASON" value="Method marked with UnityTest must return IEnumerator." />
                    <property name="_JOINTYPE" value="UnityCombinatorial" />
                  </properties>
                  <failure>
                    <message><![CDATA[Method marked with UnityTest must return IEnumerator.]]></message>
                  </failure>
                </test-case>
                <test-case id="1125" name="GenerateAudio_WithVoiceConfig_Overload" fullname="uPiper.Tests.Runtime.Core.PiperTTSTest.GenerateAudio_WithVoiceConfig_Overload" methodname="GenerateAudio_WithVoiceConfig_Overload" classname="uPiper.Tests.Runtime.Core.PiperTTSTest" runstate="NotRunnable" seed="153061689" result="Failed" label="Invalid" start-time="2025-07-14 12:37:59Z" end-time="2025-07-14 12:37:59Z" duration="0.000004" asserts="0">
                  <properties>
                    <property name="_SKIPREASON" value="Method marked with UnityTest must return IEnumerator." />
                    <property name="_JOINTYPE" value="UnityCombinatorial" />
                  </properties>
                  <failure>
                    <message><![CDATA[Method marked with UnityTest must return IEnumerator.]]></message>
                  </failure>
                </test-case>
                <test-case id="1120" name="GenerateAudioAsync_NoVoiceLoaded_ThrowsInvalidOperationException" fullname="uPiper.Tests.Runtime.Core.PiperTTSTest.GenerateAudioAsync_NoVoiceLoaded_ThrowsInvalidOperationException" methodname="GenerateAudioAsync_NoVoiceLoaded_ThrowsInvalidOperationException" classname="uPiper.Tests.Runtime.Core.PiperTTSTest" runstate="NotRunnable" seed="1367494689" result="Failed" label="Invalid" start-time="2025-07-14 12:37:59Z" end-time="2025-07-14 12:37:59Z" duration="0.000004" asserts="0">
                  <properties>
                    <property name="_SKIPREASON" value="Method marked with UnityTest must return IEnumerator." />
                    <property name="_JOINTYPE" value="UnityCombinatorial" />
                  </properties>
                  <failure>
                    <message><![CDATA[Method marked with UnityTest must return IEnumerator.]]></message>
                  </failure>
                </test-case>
                <test-case id="1121" name="GenerateAudioAsync_WithVoice_ReturnsAudioClip" fullname="uPiper.Tests.Runtime.Core.PiperTTSTest.GenerateAudioAsync_WithVoice_ReturnsAudioClip" methodname="GenerateAudioAsync_WithVoice_ReturnsAudioClip" classname="uPiper.Tests.Runtime.Core.PiperTTSTest" runstate="NotRunnable" seed="1765883304" result="Failed" label="Invalid" start-time="2025-07-14 12:37:59Z" end-time="2025-07-14 12:37:59Z" duration="0.000004" asserts="0">
                  <properties>
                    <property name="_SKIPREASON" value="Method marked with UnityTest must return IEnumerator." />
                    <property name="_JOINTYPE" value="UnityCombinatorial" />
                  </properties>
                  <failure>
                    <message><![CDATA[Method marked with UnityTest must return IEnumerator.]]></message>
                  </failure>
                </test-case>
                <test-case id="1124" name="GenerateAudioAsync_WithVoiceConfig_Overload" fullname="uPiper.Tests.Runtime.Core.PiperTTSTest.GenerateAudioAsync_WithVoiceConfig_Overload" methodname="GenerateAudioAsync_WithVoiceConfig_Overload" classname="uPiper.Tests.Runtime.Core.PiperTTSTest" runstate="NotRunnable" seed="683909733" result="Failed" label="Invalid" start-time="2025-07-14 12:37:59Z" end-time="2025-07-14 12:37:59Z" duration="0.000004" asserts="0">
                  <properties>
                    <property name="_SKIPREASON" value="Method marked with UnityTest must return IEnumerator." />
                    <property name="_JOINTYPE" value="UnityCombinatorial" />
                  </properties>
                  <failure>
                    <message><![CDATA[Method marked with UnityTest must return IEnumerator.]]></message>
                  </failure>
                </test-case>
                <test-case id="1127" name="GetCacheStatistics_ReturnsEmptyStats" fullname="uPiper.Tests.Runtime.Core.PiperTTSTest.GetCacheStatistics_ReturnsEmptyStats" methodname="GetCacheStatistics_ReturnsEmptyStats" classname="uPiper.Tests.Runtime.Core.PiperTTSTest" runstate="Runnable" seed="1417640907" result="Passed" start-time="2025-07-14 12:37:59Z" end-time="2025-07-14 12:37:59Z" duration="0.003875" asserts="0">
                  <properties>
                    <property name="retryIteration" value="0" />
                    <property name="repeatIteration" value="0" />
                  </properties>
                  <output><![CDATA[[uPiper] Auto-detected 3 worker threads
[uPiper] PiperConfig validated successfully
[uPiper] PiperTTS instance created with config: SampleRate=22050Hz, Language=ja
[uPiper] PiperTTS disposed
]]></output>
                </test-case>
                <test-case id="1118" name="GetVoiceConfig_Success" fullname="uPiper.Tests.Runtime.Core.PiperTTSTest.GetVoiceConfig_Success" methodname="GetVoiceConfig_Success" classname="uPiper.Tests.Runtime.Core.PiperTTSTest" runstate="NotRunnable" seed="1705361444" result="Failed" label="Invalid" start-time="2025-07-14 12:37:59Z" end-time="2025-07-14 12:37:59Z" duration="0.000005" asserts="0">
                  <properties>
                    <property name="_SKIPREASON" value="Method marked with UnityTest must return IEnumerator." />
                    <property name="_JOINTYPE" value="UnityCombinatorial" />
                  </properties>
                  <failure>
                    <message><![CDATA[Method marked with UnityTest must return IEnumerator.]]></message>
                  </failure>
                </test-case>
                <test-case id="1119" name="GetVoiceConfig_UnknownVoice_ThrowsPiperException" fullname="uPiper.Tests.Runtime.Core.PiperTTSTest.GetVoiceConfig_UnknownVoice_ThrowsPiperException" methodname="GetVoiceConfig_UnknownVoice_ThrowsPiperException" classname="uPiper.Tests.Runtime.Core.PiperTTSTest" runstate="Runnable" seed="55618271" result="Passed" start-time="2025-07-14 12:37:59Z" end-time="2025-07-14 12:37:59Z" duration="0.003852" asserts="0">
                  <properties>
                    <property name="retryIteration" value="0" />
                    <property name="repeatIteration" value="0" />
                  </properties>
                  <output><![CDATA[[uPiper] Auto-detected 3 worker threads
[uPiper] PiperConfig validated successfully
[uPiper] PiperTTS instance created with config: SampleRate=22050Hz, Language=ja
[uPiper] PiperTTS disposed
]]></output>
                </test-case>
                <test-case id="1109" name="InitializeAsync_AlreadyInitialized_DoesNothing" fullname="uPiper.Tests.Runtime.Core.PiperTTSTest.InitializeAsync_AlreadyInitialized_DoesNothing" methodname="InitializeAsync_AlreadyInitialized_DoesNothing" classname="uPiper.Tests.Runtime.Core.PiperTTSTest" runstate="NotRunnable" seed="649765326" result="Failed" label="Invalid" start-time="2025-07-14 12:37:59Z" end-time="2025-07-14 12:37:59Z" duration="0.000004" asserts="0">
                  <properties>
                    <property name="_SKIPREASON" value="Method marked with UnityTest must return IEnumerator." />
                    <property name="_JOINTYPE" value="UnityCombinatorial" />
                  </properties>
                  <failure>
                    <message><![CDATA[Method marked with UnityTest must return IEnumerator.]]></message>
                  </failure>
                </test-case>
                <test-case id="1110" name="InitializeAsync_Cancellation_ThrowsOperationCanceledException" fullname="uPiper.Tests.Runtime.Core.PiperTTSTest.InitializeAsync_Cancellation_ThrowsOperationCanceledException" methodname="InitializeAsync_Cancellation_ThrowsOperationCanceledException" classname="uPiper.Tests.Runtime.Core.PiperTTSTest" runstate="NotRunnable" seed="2059175253" result="Failed" label="Invalid" start-time="2025-07-14 12:37:59Z" end-time="2025-07-14 12:37:59Z" duration="0.000005" asserts="0">
                  <properties>
                    <property name="_SKIPREASON" value="Method marked with UnityTest must return IEnumerator." />
                    <property name="_JOINTYPE" value="UnityCombinatorial" />
                  </properties>
                  <failure>
                    <message><![CDATA[Method marked with UnityTest must return IEnumerator.]]></message>
                  </failure>
                </test-case>
                <test-case id="1108" name="InitializeAsync_Success" fullname="uPiper.Tests.Runtime.Core.PiperTTSTest.InitializeAsync_Success" methodname="InitializeAsync_Success" classname="uPiper.Tests.Runtime.Core.PiperTTSTest" runstate="NotRunnable" seed="208009826" result="Failed" label="Invalid" start-time="2025-07-14 12:37:59Z" end-time="2025-07-14 12:37:59Z" duration="0.000004" asserts="0">
                  <properties>
                    <property name="_SKIPREASON" value="Method marked with UnityTest must return IEnumerator." />
                    <property name="_JOINTYPE" value="UnityCombinatorial" />
                  </properties>
                  <failure>
                    <message><![CDATA[Method marked with UnityTest must return IEnumerator.]]></message>
                  </failure>
                </test-case>
                <test-case id="1114" name="LoadVoiceAsync_InvalidVoice_ThrowsPiperException" fullname="uPiper.Tests.Runtime.Core.PiperTTSTest.LoadVoiceAsync_InvalidVoice_ThrowsPiperException" methodname="LoadVoiceAsync_InvalidVoice_ThrowsPiperException" classname="uPiper.Tests.Runtime.Core.PiperTTSTest" runstate="NotRunnable" seed="1570039780" result="Failed" label="Invalid" start-time="2025-07-14 12:37:59Z" end-time="2025-07-14 12:37:59Z" duration="0.000005" asserts="0">
                  <properties>
                    <property name="_SKIPREASON" value="Method marked with UnityTest must return IEnumerator." />
                    <property name="_JOINTYPE" value="UnityCombinatorial" />
                  </properties>
                  <failure>
                    <message><![CDATA[Method marked with UnityTest must return IEnumerator.]]></message>
                  </failure>
                </test-case>
[...]
                  <properties>
                    <property name="_SKIPREASON" value="Method marked with UnityTest must return IEnumerator." />
                    <property name="_JOINTYPE" value="UnityCombinatorial" />
                  </properties>
                  <failure>
                    <message><![CDATA[Method marked with UnityTest must return IEnumerator.]]></message>
                  </failure>
                </test-case>
              </test-suite>
              <test-suite type="TestFixture" id="1134" name="PiperVoiceConfigTest" fullname="uPiper.Tests.Runtime.Core.PiperVoiceConfigTest" classname="uPiper.Tests.Runtime.Core.PiperVoiceConfigTest" runstate="Runnable" testcasecount="12" result="Passed" start-time="2025-07-14 12:37:59Z" end-time="2025-07-14 12:37:59Z" duration="0.012181" total="12" passed="12" failed="0" inconclusive="0" skipped="0" asserts="0">
                <properties />
                <test-case id="1142" name="DefaultValues_AreCorrect" fullname="uPiper.Tests.Runtime.Core.PiperVoiceConfigTest.DefaultValues_AreCorrect" methodname="DefaultValues_AreCorrect" classname="uPiper.Tests.Runtime.Core.PiperVoiceConfigTest" runstate="Runnable" seed="1687736509" result="Passed" start-time="2025-07-14 12:37:59Z" end-time="2025-07-14 12:37:59Z" duration="0.000561" asserts="0">
                  <properties>
                    <property name="retryIteration" value="0" />
                    <property name="repeatIteration" value="0" />
                  </properties>
                </test-case>
                <test-case id="1136" name="FromModelPath_HandlesEnglishModel" fullname="uPiper.Tests.Runtime.Core.PiperVoiceConfigTest.FromModelPath_HandlesEnglishModel" methodname="FromModelPath_HandlesEnglishModel" classname="uPiper.Tests.Runtime.Core.PiperVoiceConfigTest" runstate="Runnable" seed="162232240" result="Passed" start-time="2025-07-14 12:37:59Z" end-time="2025-07-14 12:37:59Z" duration="0.000558" asserts="0">
                  <properties>
                    <property name="retryIteration" value="0" />
                    <property name="repeatIteration" value="0" />
                  </properties>
                </test-case>
                <test-case id="1146" name="FromModelPath_HandlesSimpleFileName" fullname="uPiper.Tests.Runtime.Core.PiperVoiceConfigTest.FromModelPath_HandlesSimpleFileName" methodname="FromModelPath_HandlesSimpleFileName" classname="uPiper.Tests.Runtime.Core.PiperVoiceConfigTest" runstate="Runnable" seed="1223530714" result="Passed" start-time="2025-07-14 12:37:59Z" end-time="2025-07-14 12:37:59Z" duration="0.000281" asserts="0">
                  <properties>
                    <property name="retryIteration" value="0" />
                    <property name="repeatIteration" value="0" />
                  </properties>
                </test-case>
                <test-case id="1135" name="FromModelPath_ParsesFileNameCorrectly" fullname="uPiper.Tests.Runtime.Core.PiperVoiceConfigTest.FromModelPath_ParsesFileNameCorrectly" methodname="FromModelPath_ParsesFileNameCorrectly" classname="uPiper.Tests.Runtime.Core.PiperVoiceConfigTest" runstate="Runnable" seed="1743833382" result="Passed" start-time="2025-07-14 12:37:59Z" end-time="2025-07-14 12:37:59Z" duration="0.000361" asserts="0">
                  <properties>
                    <property name="retryIteration" value="0" />
                    <property name="repeatIteration" value="0" />
                  </properties>
                </test-case>
                <test-case id="1145" name="ModelQuality_EnumValues" fullname="uPiper.Tests.Runtime.Core.PiperVoiceConfigTest.ModelQuality_EnumValues" methodname="ModelQuality_EnumValues" classname="uPiper.Tests.Runtime.Core.PiperVoiceConfigTest" runstate="Runnable" seed="1996988750" result="Passed" start-time="2025-07-14 12:37:59Z" end-time="2025-07-14 12:37:59Z" duration="0.000294" asserts="0">
                  <properties>
                    <property name="retryIteration" value="0" />
                    <property name="repeatIteration" value="0" />
                  </properties>
                </test-case>
                <test-case id="1141" name="ToString_ReturnsFormattedString" fullname="uPiper.Tests.Runtime.Core.PiperVoiceConfigTest.ToString_ReturnsFormattedString" methodname="ToString_ReturnsFormattedString" classname="uPiper.Tests.Runtime.Core.PiperVoiceConfigTest" runstate="Runnable" seed="978704494" result="Passed" start-time="2025-07-14 12:37:59Z" end-time="2025-07-14 12:37:59Z" duration="0.000394" asserts="0">
                  <properties>
                    <property name="retryIteration" value="0" />
                    <property name="repeatIteration" value="0" />
                  </properties>
                </test-case>
                <test-case id="1140" name="Validate_ReturnsFalseForMissingLanguage" fullname="uPiper.Tests.Runtime.Core.PiperVoiceConfigTest.Validate_ReturnsFalseForMissingLanguage" methodname="Validate_ReturnsFalseForMissingLanguage" classname="uPiper.Tests.Runtime.Core.PiperVoiceConfigTest" runstate="Runnable" seed="20076403" result="Passed" start-time="2025-07-14 12:37:59Z" end-time="2025-07-14 12:37:59Z" duration="0.001412" asserts="0">
                  <properties>
                    <property name="retryIteration" value="0" />
                    <property name="repeatIteration" value="0" />
                  </properties>
                  <output><![CDATA[[uPiper] Language is required
]]></output>
                </test-case>
                <test-case id="1139" name="Validate_ReturnsFalseForMissingModelPath" fullname="uPiper.Tests.Runtime.Core.PiperVoiceConfigTest.Validate_ReturnsFalseForMissingModelPath" methodname="Validate_ReturnsFalseForMissingModelPath" classname="uPiper.Tests.Runtime.Core.PiperVoiceConfigTest" runstate="Runnable" seed="935993520" result="Passed" start-time="2025-07-14 12:37:59Z" end-time="2025-07-14 12:37:59Z" duration="0.001267" asserts="0">
                  <properties>
                    <property name="retryIteration" value="0" />
                    <property name="repeatIteration" value="0" />
                  </properties>
                  <output><![CDATA[[uPiper] Model path is required
]]></output>
                </test-case>
                <test-case id="1138" name="Validate_ReturnsFalseForMissingVoiceId" fullname="uPiper.Tests.Runtime.Core.PiperVoiceConfigTest.Validate_ReturnsFalseForMissingVoiceId" methodname="Validate_ReturnsFalseForMissingVoiceId" classname="uPiper.Tests.Runtime.Core.PiperVoiceConfigTest" runstate="Runnable" seed="778689773" result="Passed" start-time="2025-07-14 12:37:59Z" end-time="2025-07-14 12:37:59Z" duration="0.001239" asserts="0">
                  <properties>
                    <property name="retryIteration" value="0" />
                    <property name="repeatIteration" value="0" />
                  </properties>
                  <output><![CDATA[[uPiper] Voice ID is required
]]></output>
                </test-case>
                <test-case id="1137" name="Validate_ReturnsTrueForValidConfig" fullname="uPiper.Tests.Runtime.Core.PiperVoiceConfigTest.Validate_ReturnsTrueForValidConfig" methodname="Validate_ReturnsTrueForValidConfig" classname="uPiper.Tests.Runtime.Core.PiperVoiceConfigTest" runstate="Runnable" seed="753083356" result="Passed" start-time="2025-07-14 12:37:59Z" end-time="2025-07-14 12:37:59Z" duration="0.000301" asserts="0">
                  <properties>
                    <property name="retryIteration" value="0" />
                    <property name="repeatIteration" value="0" />
                  </properties>
                </test-case>
                <test-case id="1144" name="VoiceAge_EnumValues" fullname="uPiper.Tests.Runtime.Core.PiperVoiceConfigTest.VoiceAge_EnumValues" methodname="VoiceAge_EnumValues" classname="uPiper.Tests.Runtime.Core.PiperVoiceConfigTest" runstate="Runnable" seed="1933930279" result="Passed" start-time="2025-07-14 12:37:59Z" end-time="2025-07-14 12:37:59Z" duration="0.000302" asserts="0">
                  <properties>
                    <property name="retryIteration" value="0" />
                    <property name="repeatIteration" value="0" />
                  </properties>
                </test-case>
                <test-case id="1143" name="VoiceGender_EnumValues" fullname="uPiper.Tests.Runtime.Core.PiperVoiceConfigTest.VoiceGender_EnumValues" methodname="VoiceGender_EnumValues" classname="uPiper.Tests.Runtime.Core.PiperVoiceConfigTest" runstate="Runnable" seed="620081314" result="Passed" start-time="2025-07-14 12:37:59Z" end-time="2025-07-14 12:37:59Z" duration="0.000290" asserts="0">
                  <properties>
                    <property name="retryIteration" value="0" />
                    <property name="repeatIteration" value="0" />
                  </properties>
                </test-case>
              </test-suite>
            </test-suite>
            <test-suite type="TestFixture" id="1004" name="InferenceEngineBasicTest" fullname="uPiper.Tests.Runtime.InferenceEngineBasicTest" classname="uPiper.Tests.Runtime.InferenceEngineBasicTest" runstate="Runnable" testcasecount="5" result="Passed" start-time="2025-07-14 12:37:59Z" end-time="2025-07-14 12:37:59Z" duration="0.021318" total="5" passed="5" failed="0" inconclusive="0" skipped="0" asserts="0">
              <properties />
              <test-case id="1006" name="InferenceEngine_CanCreateTensor" fullname="uPiper.Tests.Runtime.InferenceEngineBasicTest.InferenceEngine_CanCreateTensor" methodname="InferenceEngine_CanCreateTensor" classname="uPiper.Tests.Runtime.InferenceEngineBasicTest" runstate="Runnable" seed="489379355" result="Passed" start-time="2025-07-14 12:37:59Z" end-time="2025-07-14 12:37:59Z" duration="0.003356" asserts="0">
                <properties>
                  <property name="retryIteration" value="0" />
                  <property name="repeatIteration" value="0" />
                </properties>
              </test-case>
              <test-case id="1007" name="InferenceEngine_CanCreateWorker" fullname="uPiper.Tests.Runtime.InferenceEngineBasicTest.InferenceEngine_CanCreateWorker" methodname="InferenceEngine_CanCreateWorker" classname="uPiper.Tests.Runtime.InferenceEngineBasicTest" runstate="Runnable" seed="1624570777" result="Passed" start-time="2025-07-14 12:37:59Z" end-time="2025-07-14 12:37:59Z" duration="0.002836" asserts="0">
                <properties>
                  <property name="retryIteration" value="0" />
                  <property name="repeatIteration" value="0" />
                </properties>
              </test-case>
              <test-case id="1005" name="InferenceEngine_NamespaceExists" fullname="uPiper.Tests.Runtime.InferenceEngineBasicTest.InferenceEngine_NamespaceExists" methodname="InferenceEngine_NamespaceExists" classname="uPiper.Tests.Runtime.InferenceEngineBasicTest" runstate="Runnable" seed="1838711007" result="Passed" start-time="2025-07-14 12:37:59Z" end-time="2025-07-14 12:37:59Z" duration="0.000292" asserts="0">
                <properties>
                  <property name="retryIteration" value="0" />
                  <property name="repeatIteration" value="0" />
                </properties>
              </test-case>
              <test-case id="1008" name="InferenceEngine_SupportedBackends" fullname="uPiper.Tests.Runtime.InferenceEngineBasicTest.InferenceEngine_SupportedBackends" methodname="InferenceEngine_SupportedBackends" classname="uPiper.Tests.Runtime.InferenceEngineBasicTest" runstate="Runnable" seed="1887780941" result="Passed" start-time="2025-07-14 12:37:59Z" end-time="2025-07-14 12:37:59Z" duration="0.003064" asserts="0">
                <properties>
                  <property name="retryIteration" value="0" />
                  <property name="repeatIteration" value="0" />
                </properties>
                <output><![CDATA[Available backends: GPUCompute, GPUPixel, CPU
]]></output>
              </test-case>
              <test-case id="1009" name="InferenceEngine_TensorOperations" fullname="uPiper.Tests.Runtime.InferenceEngineBasicTest.InferenceEngine_TensorOperations" methodname="InferenceEngine_TensorOperations" classname="uPiper.Tests.Runtime.InferenceEngineBasicTest" runstate="Runnable" seed="1701561977" result="Passed" start-time="2025-07-14 12:37:59Z" end-time="2025-07-14 12:37:59Z" duration="0.008827" asserts="0">
                <properties>
                  <property name="_JOINTYPE" value="UnityCombinatorial" />
                  <property name="retryIteration" value="0" />
                  <property name="repeatIteration" value="0" />
                </properties>
              </test-case>
            </test-suite>
            <test-suite type="TestFixture" id="1010" name="ONNXModelLoaderTest" fullname="uPiper.Tests.Runtime.ONNXModelLoaderTest" classname="uPiper.Tests.Runtime.ONNXModelLoaderTest" runstate="Runnable" testcasecount="3" result="Passed" start-time="2025-07-14 12:37:59Z" end-time="2025-07-14 12:37:59Z" duration="0.011361" total="3" passed="3" failed="0" inconclusive="0" skipped="0" asserts="0">
              <properties />
              <test-case id="1013" name="CheckInferenceEngineVersion" fullname="uPiper.Tests.Runtime.ONNXModelLoaderTest.CheckInferenceEngineVersion" methodname="CheckInferenceEngineVersion" classname="uPiper.Tests.Runtime.ONNXModelLoaderTest" runstate="Runnable" seed="451767454" result="Passed" start-time="2025-07-14 12:37:59Z" end-time="2025-07-14 12:37:59Z" duration="0.003908" asserts="0">
                <properties>
                  <property name="retryIteration" value="0" />
                  <property name="repeatIteration" value="0" />
                </properties>
                <output><![CDATA[Unity AI Interface (Inference Engine) is available
Assembly: Unity.InferenceEngine, Version=2.2.1.0, Culture=neutral, PublicKeyToken=null
]]></output>
              </test-case>
              <test-case id="1012" name="LoadONNXModel_CanLoadModel" fullname="uPiper.Tests.Runtime.ONNXModelLoaderTest.LoadONNXModel_CanLoadModel" methodname="LoadONNXModel_CanLoadModel" classname="uPiper.Tests.Runtime.ONNXModelLoaderTest" runstate="Runnable" seed="1664491507" result="Passed" start-time="2025-07-14 12:37:59Z" end-time="2025-07-14 12:37:59Z" duration="0.003242" asserts="0">
                <properties>
                  <property name="_JOINTYPE" value="UnityCombinatorial" />
                  <property name="retryIteration" value="0" />
                  <property name="repeatIteration" value="0" />
                </properties>
                <output><![CDATA[Skipping actual ONNX loading test - real ONNX model file required
To test ONNX loading: Place a valid .onnx file in Resources folder and load it as ModelAsset
]]></output>
              </test-case>
              <test-case id="1011" name="LoadONNXModel_FileExists" fullname="uPiper.Tests.Runtime.ONNXModelLoaderTest.LoadONNXModel_FileExists" methodname="LoadONNXModel_FileExists" classname="uPiper.Tests.Runtime.ONNXModelLoaderTest" runstate="Runnable" seed="727689826" result="Passed" start-time="2025-07-14 12:37:59Z" end-time="2025-07-14 12:37:59Z" duration="0.002170" asserts="0">
                <properties>
                  <property name="_JOINTYPE" value="UnityCombinatorial" />
                  <property name="retryIteration" value="0" />
                  <property name="repeatIteration" value="0" />
                </properties>
              </test-case>
            </test-suite>
            <test-suite type="TestFixture" id="1014" name="TTSPrototypeTest" fullname="uPiper.Tests.Runtime.TTSPrototypeTest" classname="uPiper.Tests.Runtime.TTSPrototypeTest" runstate="Runnable" testcasecount="3" result="Passed" start-time="2025-07-14 12:37:59Z" end-time="2025-07-14 12:37:59Z" duration="0.129345" total="3" passed="3" failed="0" inconclusive="0" skipped="0" asserts="0">
              <properties />
              <test-case id="1015" name="MinimalTTSPrototype_CanGenerateAudio" fullname="uPiper.Tests.Runtime.TTSPrototypeTest.MinimalTTSPrototype_CanGenerateAudio" methodname="MinimalTTSPrototype_CanGenerateAudio" classname="uPiper.Tests.Runtime.TTSPrototypeTest" runstate="Runnable" seed="1816726681" result="Passed" start-time="2025-07-14 12:37:59Z" end-time="2025-07-14 12:37:59Z" duration="0.126084" asserts="0">
                <properties>
                  <property name="_JOINTYPE" value="UnityCombinatorial" />
                  <property name="retryIteration" value="0" />
                  <property name="repeatIteration" value="0" />
                </properties>
                <output><![CDATA[=== Minimal TTS Prototype ===
Fixed phoneme IDs count: 50
Phoneme IDs: [23, 45, 67, 12, 89, 34, 56, 78, 90, 11...]
Generated waveform samples: 44100
Created AudioClip: MinimalTTS_Output, 22050Hz, 2s
=== TTS Prototype Success ===
There are no audio listeners in the scene. Please ensure there is always one audio listener in the scene
=== Minimal TTS Prototype ===
Fixed phoneme IDs count: 50
Phoneme IDs: [23, 45, 67, 12, 89, 34, 56, 78, 90, 11...]
Generated waveform samples: 44100
Created AudioClip: MinimalTTS_Output, 22050Hz, 2s
=== TTS Prototype Success ===
There are no audio listeners in the scene. Please ensure there is always one audio listener in the scene
There are no audio listeners in the scene. Please ensure there is always one audio listener in the scene
There are no audio listeners in the scene. Please ensure there is always one audio listener in the scene
There are no audio listeners in the scene. Please ensure there is always one audio listener in the scene
]]></output>
              </test-case>
              <test-case id="1016" name="PiperTTSPrototype_PhonemeMapping" fullname="uPiper.Tests.Runtime.TTSPrototypeTest.PiperTTSPrototype_PhonemeMapping" methodname="PiperTTSPrototype_PhonemeMapping" classname="uPiper.Tests.Runtime.TTSPrototypeTest" runstate="Runnable" seed="1846547076" result="Passed" start-time="2025-07-14 12:37:59Z" end-time="2025-07-14 12:37:59Z" duration="0.001158" asserts="0">
                <properties>
                  <property name="retryIteration" value="0" />
                  <property name="repeatIteration" value="0" />
                </properties>
              </test-case>
              <test-case id="1017" name="TTSPrototype_WaveformGeneration" fullname="uPiper.Tests.Runtime.TTSPrototypeTest.TTSPrototype_WaveformGeneration" methodname="TTSPrototype_WaveformGeneration" classname="uPiper.Tests.Runtime.TTSPrototypeTest" runstate="Runnable" seed="86736216" result="Passed" start-time="2025-07-14 12:37:59Z" end-time="2025-07-14 12:37:59Z" duration="0.000324" asserts="0">
                <properties>
                  <property name="retryIteration" value="0" />
                  <property name="repeatIteration" value="0" />
                </properties>
                <output><![CDATA[[Code Coverage] Code Coverage results for visited sequence points were saved in /github/workspace/CodeCoverage/workspace-opencov/PlayMode/TestCoverageResults_0001.xml
[Code Coverage] Code Coverage Report was generated in /github/workspace/CodeCoverage/Report
Included Assemblies: uPiper.*
Excluded Assemblies: uPiper.Tests.*
Included Paths: <Not specified>
Excluded Paths: <Not specified>
Saving results to: /root/.config/unity3d/com_yousan/uPiper/TestResults.xml
]]></output>
              </test-case>
            </test-suite>
          </test-suite>
        </test-suite>
      </test-suite>
    </test-suite>
  </test-suite>
</test-run>